07-24 01:31:12 com_github_MitjaNemec_PlaceFootprints.action_place_footprints 674:Plugin executed on: 'win32'
07-24 01:31:12 com_github_MitjaNemec_PlaceFootprints.action_place_footprints 675:Plugin executed with python version: '3.11.5 (main, Jun 15 2025, 06:45:45) [MSC v.1942 64 bit (AMD64)]'
07-24 01:31:12 com_github_MitjaNemec_PlaceFootprints.action_place_footprints 676:KiCad build version: 9.0.3
07-24 01:31:12 com_github_MitjaNemec_PlaceFootprints.action_place_footprints 677:Plugin version: 4.0.1
07-24 01:31:12 com_github_MitjaNemec_PlaceFootprints.action_place_footprints 678:Frame repr: <wx._core.Frame object at 0x00000163E196FBE0>
07-24 01:31:12 com_github_MitjaNemec_PlaceFootprints.place_footprints 121:getting a list of all footprints on board
07-24 01:31:12 com_github_MitjaNemec_PlaceFootprints.place_footprints 156:Footprint D27 on root level
07-24 01:31:12 com_github_MitjaNemec_PlaceFootprints.place_footprints 156:Footprint D28 on root level
07-24 01:31:12 com_github_MitjaNemec_PlaceFootprints.place_footprints 156:Footprint SW27 on root level
07-24 01:31:12 com_github_MitjaNemec_PlaceFootprints.place_footprints 156:Footprint SW26 on root level
07-24 01:31:12 com_github_MitjaNemec_PlaceFootprints.place_footprints 156:Footprint D31 on root level
07-24 01:31:12 com_github_MitjaNemec_PlaceFootprints.place_footprints 156:Footprint D32 on root level
07-24 01:31:12 com_github_MitjaNemec_PlaceFootprints.place_footprints 156:Footprint SW30 on root level
07-24 01:31:12 com_github_MitjaNemec_PlaceFootprints.place_footprints 156:Footprint D18 on root level
07-24 01:31:12 com_github_MitjaNemec_PlaceFootprints.place_footprints 156:Footprint D23 on root level
07-24 01:31:12 com_github_MitjaNemec_PlaceFootprints.place_footprints 156:Footprint D21 on root level
07-24 01:31:12 com_github_MitjaNemec_PlaceFootprints.place_footprints 156:Footprint D19 on root level
07-24 01:31:12 com_github_MitjaNemec_PlaceFootprints.place_footprints 156:Footprint D20 on root level
07-24 01:31:12 com_github_MitjaNemec_PlaceFootprints.place_footprints 156:Footprint D22 on root level
07-24 01:31:12 com_github_MitjaNemec_PlaceFootprints.place_footprints 156:Footprint D26 on root level
07-24 01:31:12 com_github_MitjaNemec_PlaceFootprints.place_footprints 156:Footprint D29 on root level
07-24 01:31:12 com_github_MitjaNemec_PlaceFootprints.place_footprints 156:Footprint D25 on root level
07-24 01:31:12 com_github_MitjaNemec_PlaceFootprints.place_footprints 156:Footprint D30 on root level
07-24 01:31:12 com_github_MitjaNemec_PlaceFootprints.place_footprints 156:Footprint D24 on root level
07-24 01:31:12 com_github_MitjaNemec_PlaceFootprints.place_footprints 156:Footprint SW18 on root level
07-24 01:31:12 com_github_MitjaNemec_PlaceFootprints.place_footprints 156:Footprint SW24 on root level
07-24 01:31:12 com_github_MitjaNemec_PlaceFootprints.place_footprints 156:Footprint SW17 on root level
07-24 01:31:12 com_github_MitjaNemec_PlaceFootprints.place_footprints 156:Footprint SW20 on root level
07-24 01:31:12 com_github_MitjaNemec_PlaceFootprints.place_footprints 156:Footprint SW21 on root level
07-24 01:31:12 com_github_MitjaNemec_PlaceFootprints.place_footprints 156:Footprint SW22 on root level
07-24 01:31:12 com_github_MitjaNemec_PlaceFootprints.place_footprints 156:Footprint SW23 on root level
07-24 01:31:12 com_github_MitjaNemec_PlaceFootprints.place_footprints 156:Footprint SW19 on root level
07-24 01:31:12 com_github_MitjaNemec_PlaceFootprints.place_footprints 156:Footprint SW29 on root level
07-24 01:31:12 com_github_MitjaNemec_PlaceFootprints.place_footprints 156:Footprint SW25 on root level
07-24 01:31:12 com_github_MitjaNemec_PlaceFootprints.place_footprints 156:Footprint SW28 on root level
07-24 01:31:12 com_github_MitjaNemec_PlaceFootprints.place_footprints 156:Footprint J2 on root level
07-24 01:31:12 com_github_MitjaNemec_PlaceFootprints.place_footprints 156:Footprint D17 on root level
07-24 01:31:12 com_github_MitjaNemec_PlaceFootprints.place_footprints 156:Footprint D1 on root level
07-24 01:31:12 com_github_MitjaNemec_PlaceFootprints.place_footprints 156:Footprint SW16 on root level
07-24 01:31:12 com_github_MitjaNemec_PlaceFootprints.place_footprints 156:Footprint SW15 on root level
07-24 01:31:12 com_github_MitjaNemec_PlaceFootprints.place_footprints 156:Footprint SW14 on root level
07-24 01:31:12 com_github_MitjaNemec_PlaceFootprints.place_footprints 156:Footprint SW13 on root level
07-24 01:31:12 com_github_MitjaNemec_PlaceFootprints.place_footprints 156:Footprint SW12 on root level
07-24 01:31:12 com_github_MitjaNemec_PlaceFootprints.place_footprints 156:Footprint SW11 on root level
07-24 01:31:12 com_github_MitjaNemec_PlaceFootprints.place_footprints 156:Footprint SW10 on root level
07-24 01:31:12 com_github_MitjaNemec_PlaceFootprints.place_footprints 156:Footprint SW9 on root level
07-24 01:31:12 com_github_MitjaNemec_PlaceFootprints.place_footprints 156:Footprint SW8 on root level
07-24 01:31:12 com_github_MitjaNemec_PlaceFootprints.place_footprints 156:Footprint SW7 on root level
07-24 01:31:12 com_github_MitjaNemec_PlaceFootprints.place_footprints 156:Footprint SW6 on root level
07-24 01:31:12 com_github_MitjaNemec_PlaceFootprints.place_footprints 156:Footprint SW5 on root level
07-24 01:31:12 com_github_MitjaNemec_PlaceFootprints.place_footprints 156:Footprint SW4 on root level
07-24 01:31:12 com_github_MitjaNemec_PlaceFootprints.place_footprints 156:Footprint SW3 on root level
07-24 01:31:12 com_github_MitjaNemec_PlaceFootprints.place_footprints 156:Footprint SW1 on root level
07-24 01:31:12 com_github_MitjaNemec_PlaceFootprints.place_footprints 156:Footprint J1 on root level
07-24 01:31:12 com_github_MitjaNemec_PlaceFootprints.place_footprints 156:Footprint D16 on root level
07-24 01:31:12 com_github_MitjaNemec_PlaceFootprints.place_footprints 156:Footprint D15 on root level
07-24 01:31:12 com_github_MitjaNemec_PlaceFootprints.place_footprints 156:Footprint D14 on root level
07-24 01:31:12 com_github_MitjaNemec_PlaceFootprints.place_footprints 156:Footprint D13 on root level
07-24 01:31:12 com_github_MitjaNemec_PlaceFootprints.place_footprints 156:Footprint D12 on root level
07-24 01:31:12 com_github_MitjaNemec_PlaceFootprints.place_footprints 156:Footprint D11 on root level
07-24 01:31:12 com_github_MitjaNemec_PlaceFootprints.place_footprints 156:Footprint D10 on root level
07-24 01:31:12 com_github_MitjaNemec_PlaceFootprints.place_footprints 156:Footprint D9 on root level
07-24 01:31:12 com_github_MitjaNemec_PlaceFootprints.place_footprints 156:Footprint D8 on root level
07-24 01:31:12 com_github_MitjaNemec_PlaceFootprints.place_footprints 156:Footprint D7 on root level
07-24 01:31:12 com_github_MitjaNemec_PlaceFootprints.place_footprints 156:Footprint D6 on root level
07-24 01:31:12 com_github_MitjaNemec_PlaceFootprints.place_footprints 156:Footprint D5 on root level
07-24 01:31:12 com_github_MitjaNemec_PlaceFootprints.place_footprints 156:Footprint D4 on root level
07-24 01:31:12 com_github_MitjaNemec_PlaceFootprints.place_footprints 156:Footprint D3 on root level
07-24 01:31:12 com_github_MitjaNemec_PlaceFootprints.place_footprints 156:Footprint D2 on root level
07-24 01:31:12 com_github_MitjaNemec_PlaceFootprints.place_footprints 156:Footprint A1 on root level
07-24 01:31:12 com_github_MitjaNemec_PlaceFootprints.place_footprints 156:Footprint SW2 on root level
07-24 01:31:12 com_github_MitjaNemec_PlaceFootprints.action_place_footprints 717:Reference footprint='SW30'
07-24 01:31:38 com_github_MitjaNemec_PlaceFootprints.action_place_footprints 858:Reference designator is: SW
07-24 01:31:38 com_github_MitjaNemec_PlaceFootprints.action_place_footprints 859:Reference number is: 30
07-24 01:31:38 com_github_MitjaNemec_PlaceFootprints.action_place_footprints 891:Sorted and filtered list:
['SW1', 'SW2', 'SW3', 'SW4', 'SW5', 'SW6', 'SW7', 'SW8', 'SW9', 'SW10', 'SW11', 'SW12', 'SW13', 'SW14', 'SW15', 'SW16', 'SW17', 'SW18', 'SW19', 'SW20', 'SW21', 'SW22', 'SW23', 'SW24', 'SW25', 'SW26', 'SW27', 'SW28', 'SW29', 'SW30']
07-24 01:31:38 com_github_MitjaNemec_PlaceFootprints.action_place_footprints 376:wx.Colour(240, 240, 240, 255)
07-24 01:32:36 com_github_MitjaNemec_PlaceFootprints.action_place_footprints 507:'5.602'
07-24 01:32:36 com_github_MitjaNemec_PlaceFootprints.action_place_footprints 559:Preparing config for reference circular
07-24 01:32:36 com_github_MitjaNemec_PlaceFootprints.action_place_footprints 573:Saving config file
07-24 01:32:36 com_github_MitjaNemec_PlaceFootprints.action_place_footprints 575:Saved the config file
07-24 01:32:36 com_github_MitjaNemec_PlaceFootprints.action_place_footprints 929:Footprints to place:
['SW26', 'SW27']
07-24 01:32:36 com_github_MitjaNemec_PlaceFootprints.place_footprints 359:Starting placing with circular layout
07-24 01:32:36 com_github_MitjaNemec_PlaceFootprints.place_footprints 369:reference footprint position at: VECTOR2I(271462500, 186928125)
07-24 01:32:36 com_github_MitjaNemec_PlaceFootprints.action_place_footprints 947:Fatal error when executing place footprints
Traceback (most recent call last):
  File "C:\Users\sever\Documents\KiCad\9.0\3rdparty\\plugins\com_github_MitjaNemec_PlaceFootprints\action_place_footprints.py", line 942, in Run
    placer.place_circular(footprints_to_place, ref_fp_ref, radius, delta_angle, delta_radius,
  File "C:\Users\sever\Documents\KiCad\9.0\3rdparty\\plugins\com_github_MitjaNemec_PlaceFootprints\place_footprints.py", line 370, in place_circular
    ref_fp_index = footprints.index(ref_fp)
                   ^^^^^^^^^^^^^^^^^^^^^^^^
ValueError: Footprint(ref='SW30', fp=<pcbnew.FOOTPRINT; proxy of <Swig Object of type 'FOOTPRINT *' at 0x00000163E46C54D0> >, fp_id='9A5FA03E-845D-431C-B12A-1E2A81BADA42', sheet_id=[], filename=[]) is not in list
